[1;33m[2026-02-13 16:26:35 +0545] [INFO] Using directory: /home/pwn/infoshyt/results/techpana.com[0m

[1;33m[2026-02-13 16:26:35 +0545] [START] Running: Google Dorks in process[0m
[1;33m[2026-02-13 16:27:15 +0545] [END] Results are saved in techpana.com/osint/dorks.txt[0m

[1;33m[2026-02-13 16:27:15 +0545] [START] Running: Github Dorks in process[0m
[1;33m[2026-02-13 16:27:15 +0545] [END] Results are saved in techpana.com/osint/gitdorks.txt[0m

[1;33m[2026-02-13 16:27:15 +0545] [START] Github Repos analysis in process[0m
[1;33m[2026-02-13 16:27:16 +0545] [END] Results are saved in techpana.com/osint/github_company_secrets.json[0m

[1;33m[2026-02-13 16:27:16 +0545] [START] Scanning metadata in public files[0m
Traceback (most recent call last):
  File "/home/pwn/Tools/metagoofil/metagoofil.py", line 378, in <module>
    mg = Metagoofil(**vars(args))
  File "/home/pwn/Tools/metagoofil/metagoofil.py", line 130, in __init__
    with open("user_agents.txt") as fp:
         ~~~~^^^^^^^^^^^^^^^^^^^
FileNotFoundError: [Errno 2] No such file or directory: 'user_agents.txt'
[1;31m[!] metagoofil.py command failed (exit code: 0). Check /home/pwn/Tools/metagoofil/requirements.txt for missing dependencies.[0m
Error: File not found - /home/pwn/infoshyt/results/techpana.com/.tmp/metagoofil_techpana.com/*
[1;33m[2026-02-13 16:27:17 +0545] [END] Results are saved in techpana.com/osint/[software/authors/metadata_results].txt[0m

[1;33m[2026-02-13 16:27:17 +0545] [START] Scanning for leaks in public API directories[0m
[1;33m[2026-02-13 16:27:27 +0545] [END] Results are saved in techpana.com/osint/[postman_leaks_trufflehog.json, swagger_leaks_trufflehog.json][0m

[1;33m[2026-02-13 16:27:27 +0545] [START] Searching for emails/users/passwords leaks[0m
[1;33m[2026-02-13 16:27:29 +0545] [END] Results are saved in techpana.com/osint/emails.txt and passwords.txt[0m

[1;33m[2026-02-13 16:27:29 +0545] [START] Searching Hudson Rock Infostealer Intelligence[0m
jq: error (at /home/pwn/infoshyt/results/techpana.com/hudson_rock_domain.json:0): Cannot index number with string "last_seen"
[1;33m[2026-02-13 16:27:30 +0545] [END] Results are saved in techpana.com/osint/hudson_rock_domain.json and hudson_rock.txt[0m

[1;33m[2026-02-13 16:27:30 +0545] [START] Searching domain info (whois, registrant name/email domains)[0m
[1;33m[2026-02-13 16:27:41 +0545] [END] Results are saved in techpana.com/osint/domain_info_[general/azure_tenant_domains].txt[0m

[1;33m[2026-02-13 16:27:41 +0545] [START] Searching for third parties misconfigurations[0m
[1;33m[2026-02-13 16:28:41 +0545] [END] Results are saved in techpana.com/osint/3rdparts_misconfigurations.txt[0m

[1;33m[2026-02-13 16:28:41 +0545] [START] Searching for spoofable domains[0m
[1;33m[2026-02-13 16:29:14 +0545] [END] Results are saved in techpana.com/osint/spoof.txt[0m

[1;33m[2026-02-13 16:29:14 +0545] [START] Mail hygiene (SPF/DMARC)[0m
[1;33m[2026-02-13 16:29:14 +0545] [END] Results are saved in techpana.com/osint/mail_hygiene.txt[0m

[1;33m[2026-02-13 16:29:14 +0545] [START] Cloud storage enumeration[0m
./infoshyt.sh: line 580: cloud_enum: command not found
[1;33m[2026-02-13 16:29:14 +0545] [END] Results are saved in techpana.com/osint/cloud_enum.txt[0m

[1;33m[2026-02-13 16:29:14 +0545] [START] Favicon IP Lookup[0m
[1;33m[2026-02-13 16:29:14 +0545] [END] Results are saved in techpana.com/hosts/favicontest.txt[0m

[1;33m[2026-02-13 16:29:14 +0545] [START] Zone transfer check[0m
[1;33m[2026-02-13 16:30:55 +0545] [END] Results are saved in techpana.com/subdomains/zonetransfer.txt[0m
[1;33m[2026-02-13 16:34:24 +0545] [INFO] Using directory: /home/pwn/infoshyt/results/user_testadmin[0m

[1;33m[2026-02-13 16:34:24 +0545] [START] Running: Google Dorks in process[0m
[1;33m[2026-02-13 16:34:38 +0545] [END] Results are saved in /osint/dorks.txt[0m

[1;33m[2026-02-13 16:34:38 +0545] [START] Running: Github Dorks in process[0m
[1;33m[2026-02-13 16:34:38 +0545] [END] Results are saved in /osint/gitdorks.txt[0m

[1;33m[2026-02-13 16:34:38 +0545] [START] Github Repos analysis in process[0m
[1;33m[2026-02-13 16:34:39 +0545] [END] Results are saved in /osint/github_company_secrets.json[0m

[1;33m[2026-02-13 16:34:39 +0545] [START] Scanning metadata in public files[0m
Traceback (most recent call last):
  File "/home/pwn/Tools/metagoofil/metagoofil.py", line 378, in <module>
    mg = Metagoofil(**vars(args))
  File "/home/pwn/Tools/metagoofil/metagoofil.py", line 130, in __init__
    with open("user_agents.txt") as fp:
         ~~~~^^^^^^^^^^^^^^^^^^^
FileNotFoundError: [Errno 2] No such file or directory: 'user_agents.txt'
[1;31m[!] metagoofil.py command failed (exit code: 0). Check /home/pwn/Tools/metagoofil/requirements.txt for missing dependencies.[0m
Error: File not found - /home/pwn/infoshyt/results/user_testadmin/.tmp/metagoofil_/*
[1;33m[2026-02-13 16:34:39 +0545] [END] Results are saved in /osint/[software/authors/metadata_results].txt[0m

[1;33m[2026-02-13 16:34:39 +0545] [START] Scanning for leaks in public API directories[0m
[1;33m[2026-02-13 16:35:00 +0545] [INFO] Using directory: /home/pwn/infoshyt/results/user_testadmin[0m

[1;33m[2026-02-13 16:35:00 +0545] [START] Running: Google Dorks in process[0m
[1;33m[2026-02-13 16:35:14 +0545] [END] Results are saved in /osint/dorks.txt[0m

[1;33m[2026-02-13 16:35:14 +0545] [START] Running: Github Dorks in process[0m
[1;33m[2026-02-13 16:35:14 +0545] [END] Results are saved in /osint/gitdorks.txt[0m

[1;33m[2026-02-13 16:35:14 +0545] [START] Github Repos analysis in process[0m
[1;33m[2026-02-13 16:35:14 +0545] [END] Results are saved in /osint/github_company_secrets.json[0m

[1;33m[2026-02-13 16:35:14 +0545] [START] Scanning metadata in public files[0m
Traceback (most recent call last):
  File "/home/pwn/Tools/metagoofil/metagoofil.py", line 378, in <module>
    mg = Metagoofil(**vars(args))
  File "/home/pwn/Tools/metagoofil/metagoofil.py", line 130, in __init__
    with open("user_agents.txt") as fp:
         ~~~~^^^^^^^^^^^^^^^^^^^
FileNotFoundError: [Errno 2] No such file or directory: 'user_agents.txt'
[1;31m[!] metagoofil.py command failed (exit code: 0). Check /home/pwn/Tools/metagoofil/requirements.txt for missing dependencies.[0m
[1;33m[2026-02-13 16:35:37 +0545] [INFO] Using directory: /home/pwn/infoshyt/results/user_testadmin[0m

[1;33m[2026-02-13 16:35:37 +0545] [START] Running: Google Dorks in process[0m
[1;33m[2026-02-13 16:35:50 +0545] [END] Results are saved in /osint/dorks.txt[0m

[1;33m[2026-02-13 16:35:50 +0545] [START] Running: Github Dorks in process[0m
[1;33m[2026-02-13 16:35:50 +0545] [END] Results are saved in /osint/gitdorks.txt[0m

[1;33m[2026-02-13 16:35:50 +0545] [START] Github Repos analysis in process[0m
[1;33m[2026-02-13 16:35:51 +0545] [END] Results are saved in /osint/github_company_secrets.json[0m

[1;33m[2026-02-13 16:35:51 +0545] [START] Scanning metadata in public files[0m
Traceback (most recent call last):
  File "/home/pwn/Tools/metagoofil/metagoofil.py", line 378, in <module>
    mg = Metagoofil(**vars(args))
  File "/home/pwn/Tools/metagoofil/metagoofil.py", line 130, in __init__
    with open("user_agents.txt") as fp:
         ~~~~^^^^^^^^^^^^^^^^^^^
FileNotFoundError: [Errno 2] No such file or directory: 'user_agents.txt'
[1;31m[!] metagoofil.py command failed (exit code: 0). Check /home/pwn/Tools/metagoofil/requirements.txt for missing dependencies.[0m
Error: File not found - /home/pwn/infoshyt/results/user_testadmin/.tmp/metagoofil_/*
[1;33m[2026-02-13 16:35:51 +0545] [END] Results are saved in /osint/[software/authors/metadata_results].txt[0m

[1;33m[2026-02-13 16:35:51 +0545] [START] Scanning for leaks in public API directories[0m
[1;33m[2026-02-13 16:36:08 +0545] [INFO] Using directory: /home/pwn/infoshyt/results/user_testadmin[0m

[1;33m[2026-02-13 16:36:08 +0545] [START] Running: Google Dorks in process[0m
[1;33m[2026-02-13 16:36:22 +0545] [END] Results are saved in /osint/dorks.txt[0m

[1;33m[2026-02-13 16:36:22 +0545] [START] Running: Github Dorks in process[0m
[1;33m[2026-02-13 16:36:22 +0545] [END] Results are saved in /osint/gitdorks.txt[0m

[1;33m[2026-02-13 16:36:22 +0545] [START] Github Repos analysis in process[0m
[1;33m[2026-02-13 16:36:22 +0545] [END] Results are saved in /osint/github_company_secrets.json[0m

[1;33m[2026-02-13 16:36:22 +0545] [START] Scanning metadata in public files[0m
Traceback (most recent call last):
  File "/home/pwn/Tools/metagoofil/metagoofil.py", line 378, in <module>
    mg = Metagoofil(**vars(args))
  File "/home/pwn/Tools/metagoofil/metagoofil.py", line 130, in __init__
    with open("user_agents.txt") as fp:
         ~~~~^^^^^^^^^^^^^^^^^^^
FileNotFoundError: [Errno 2] No such file or directory: 'user_agents.txt'
[1;31m[!] metagoofil.py command failed (exit code: 0). Check /home/pwn/Tools/metagoofil/requirements.txt for missing dependencies.[0m
Error: File not found - /home/pwn/infoshyt/results/user_testadmin/.tmp/metagoofil_/*
[1;33m[2026-02-13 16:36:23 +0545] [END] Results are saved in /osint/[software/authors/metadata_results].txt[0m

[1;33m[2026-02-13 16:36:23 +0545] [START] Scanning for leaks in public API directories[0m
[1;33m[2026-02-13 16:37:01 +0545] [END] Results are saved in /osint/[postman_leaks_trufflehog.json, swagger_leaks_trufflehog.json][0m

[1;33m[2026-02-13 16:37:01 +0545] [START] Searching for emails/users/passwords leaks[0m

[1;33m[2026-02-13 16:37:01 +0545] [START] Searching Hudson Rock Infostealer Intelligence[0m
+ echo '=== Hudson Rock Infostealer Intelligence ==='
+ [[ -s /home/pwn/infoshyt/results/user_testadmin/hudson_rock_domain.json ]]
+ [[ -s /home/pwn/infoshyt/results/user_testadmin/hudson_rock_username.json ]]
+ echo ''
+ echo '=== Username: testadmin ==='
+ jq -r '.[] | "Compromised Credentials: \(.infected_computers // 0)\nStealer Type: \(.stealer_type // "N/A")\nFirst Seen: \(.first_seen // "N/A")\nLast Seen: \(.last_seen // "N/A")\n"' /home/pwn/infoshyt/results/user_testadmin/hudson_rock_username.json
jq: error (at /home/pwn/infoshyt/results/user_testadmin/hudson_rock_username.json:0): Cannot index string with string "last_seen"
+ true
+ [[ -s /home/pwn/infoshyt/results/user_testadmin/hudson_rock_email.json ]]
+ [[ -s /home/pwn/infoshyt/results/user_testadmin/hudson_rock_phone.json ]]
[1;33m[2026-02-13 16:37:01 +0545] [END] Results are saved in /hudson_rock.txt and hudson_rock_*.json[0m

[1;33m[2026-02-13 16:37:01 +0545] [START] Searching domain info (whois, registrant name/email domains)[0m
[1;33m[2026-02-13 16:37:44 +0545] [END] Results are saved in /osint/domain_info_[general/azure_tenant_domains].txt[0m

[1;33m[2026-02-13 16:37:44 +0545] [START] Searching for third parties misconfigurations[0m
[1;33m[2026-02-13 16:37:44 +0545] [END] Results are saved in /osint/3rdparts_misconfigurations.txt[0m

[1;33m[2026-02-13 16:37:44 +0545] [START] Searching for spoofable domains[0m

[1;33m[2026-02-13 16:37:45 +0545] [START] Mail hygiene (SPF/DMARC)[0m
+ printf 'Domain: %s\n' ''
+ printf '\nTXT records:\n'
+ dig +short TXT ''
+ sed 's/^/  /'
dig: '' is not a legal name (unexpected end of input)
+ printf '\nDMARC record:\n'
+ dig +short TXT _dmarc.
+ sed 's/^/  /'
[1;33m[2026-02-13 16:38:00 +0545] [END] Results are saved in /osint/mail_hygiene.txt[0m

[1;33m[2026-02-13 16:38:00 +0545] [START] Cloud storage enumeration[0m
./infoshyt.sh: line 633: cloud_enum: command not found
[1;33m[2026-02-13 16:38:00 +0545] [END] Results are saved in /osint/cloud_enum.txt[0m

[1;33m[2026-02-13 16:38:00 +0545] [START] Favicon IP Lookup[0m
[1;33m[2026-02-13 16:38:01 +0545] [END] Results are saved in /hosts/favicontest.txt[0m

[1;33m[2026-02-13 16:38:01 +0545] [START] Zone transfer check[0m
dig: '' is not a legal name (unexpected end of input)
[1;33m[2026-02-13 16:38:01 +0545] [END] Results are saved in /subdomains/zonetransfer.txt[0m
[1;33m[2026-02-13 16:39:02 +0545] [INFO] Using directory: /home/pwn/infoshyt/results/user_testadmin[0m

[1;33m[2026-02-13 16:39:02 +0545] [START] Running: Google Dorks in process[0m
[1;33m[2026-02-13 16:39:17 +0545] [END] Results are saved in /osint/dorks.txt[0m

[1;33m[2026-02-13 16:39:17 +0545] [START] Running: Github Dorks in process[0m
[1;33m[2026-02-13 16:39:17 +0545] [END] Results are saved in /osint/gitdorks.txt[0m

[1;33m[2026-02-13 16:39:17 +0545] [START] Github Repos analysis in process[0m
[1;33m[2026-02-13 16:39:17 +0545] [END] Results are saved in /osint/github_company_secrets.json[0m

[1;33m[2026-02-13 16:39:17 +0545] [START] Scanning metadata in public files[0m
Traceback (most recent call last):
  File "/home/pwn/Tools/metagoofil/metagoofil.py", line 378, in <module>
    mg = Metagoofil(**vars(args))
  File "/home/pwn/Tools/metagoofil/metagoofil.py", line 130, in __init__
    with open("user_agents.txt") as fp:
         ~~~~^^^^^^^^^^^^^^^^^^^
FileNotFoundError: [Errno 2] No such file or directory: 'user_agents.txt'
[1;31m[!] metagoofil.py command failed (exit code: 0). Check /home/pwn/Tools/metagoofil/requirements.txt for missing dependencies.[0m
Error: File not found - /home/pwn/infoshyt/results/user_testadmin/.tmp/metagoofil_/*
[1;33m[2026-02-13 16:39:18 +0545] [END] Results are saved in /osint/[software/authors/metadata_results].txt[0m

[1;33m[2026-02-13 16:39:18 +0545] [START] Scanning for leaks in public API directories[0m
[1;33m[2026-02-13 16:39:55 +0545] [END] Results are saved in /osint/[postman_leaks_trufflehog.json, swagger_leaks_trufflehog.json][0m

[1;33m[2026-02-13 16:39:55 +0545] [START] Searching for emails/users/passwords leaks[0m

[1;33m[2026-02-13 16:39:56 +0545] [START] Searching Hudson Rock Infostealer Intelligence[0m
[1;33m[2026-02-13 16:39:57 +0545] [END] Results are saved in /hudson_rock.txt and hudson_rock_*.json[0m

[1;33m[2026-02-13 16:39:57 +0545] [START] Searching domain info (whois, registrant name/email domains)[0m
[1;33m[2026-02-13 16:40:38 +0545] [END] Results are saved in /osint/domain_info_[general/azure_tenant_domains].txt[0m

[1;33m[2026-02-13 16:40:38 +0545] [START] Searching for third parties misconfigurations[0m
[1;33m[2026-02-13 16:40:38 +0545] [END] Results are saved in /osint/3rdparts_misconfigurations.txt[0m

[1;33m[2026-02-13 16:40:38 +0545] [START] Searching for spoofable domains[0m

[1;33m[2026-02-13 16:40:39 +0545] [START] Mail hygiene (SPF/DMARC)[0m
dig: '' is not a legal name (unexpected end of input)
[1;33m[2026-02-13 16:40:54 +0545] [END] Results are saved in /osint/mail_hygiene.txt[0m

[1;33m[2026-02-13 16:40:54 +0545] [START] Cloud storage enumeration[0m
./infoshyt.sh: line 633: cloud_enum: command not found
[1;33m[2026-02-13 16:40:55 +0545] [END] Results are saved in /osint/cloud_enum.txt[0m

[1;33m[2026-02-13 16:40:55 +0545] [START] Favicon IP Lookup[0m
[1;33m[2026-02-13 16:40:55 +0545] [END] Results are saved in /hosts/favicontest.txt[0m

[1;33m[2026-02-13 16:40:55 +0545] [START] Zone transfer check[0m
dig: '' is not a legal name (unexpected end of input)
[1;33m[2026-02-13 16:40:55 +0545] [END] Results are saved in /subdomains/zonetransfer.txt[0m
[1;33m[2026-02-13 16:41:11 +0545] [INFO] Using directory: /home/pwn/infoshyt/results/email_test@gmail.com[0m

[1;33m[2026-02-13 16:41:11 +0545] [START] Running: Google Dorks in process[0m
[1;33m[2026-02-13 16:41:24 +0545] [END] Results are saved in /osint/dorks.txt[0m

[1;33m[2026-02-13 16:41:24 +0545] [START] Running: Github Dorks in process[0m
[1;33m[2026-02-13 16:41:24 +0545] [END] Results are saved in /osint/gitdorks.txt[0m

[1;33m[2026-02-13 16:41:24 +0545] [START] Github Repos analysis in process[0m
[1;33m[2026-02-13 16:41:24 +0545] [END] Results are saved in /osint/github_company_secrets.json[0m

[1;33m[2026-02-13 16:41:25 +0545] [START] Scanning metadata in public files[0m
Traceback (most recent call last):
  File "/home/pwn/Tools/metagoofil/metagoofil.py", line 378, in <module>
    mg = Metagoofil(**vars(args))
  File "/home/pwn/Tools/metagoofil/metagoofil.py", line 130, in __init__
    with open("user_agents.txt") as fp:
         ~~~~^^^^^^^^^^^^^^^^^^^
FileNotFoundError: [Errno 2] No such file or directory: 'user_agents.txt'
[1;31m[!] metagoofil.py command failed (exit code: 0). Check /home/pwn/Tools/metagoofil/requirements.txt for missing dependencies.[0m
Error: File not found - /home/pwn/infoshyt/results/email_test@gmail.com/.tmp/metagoofil_/*
[1;33m[2026-02-13 16:41:25 +0545] [END] Results are saved in /osint/[software/authors/metadata_results].txt[0m

[1;33m[2026-02-13 16:41:25 +0545] [START] Scanning for leaks in public API directories[0m
[1;33m[2026-02-13 16:50:23 +0545] [INFO] Using directory: /home/pwn/infoshyt/results/x.com[0m

[1;33m[2026-02-13 16:50:24 +0545] [START] Running: Google Dorks in process[0m
Traceback (most recent call last):
  File "/home/pwn/Tools/dorks_hunter/dorks_hunter.py", line 76, in <module>
    main()
    ~~~~^^
  File "/home/pwn/Tools/dorks_hunter/dorks_hunter.py", line 61, in main
    result = subprocess.run(
        ["xnldorker", "-i", dork, "-nb", "-s", "duckduckgo,bing,startpage,google,yandex"],
        text=True, capture_output=True, timeout=60
    )
  File "/usr/lib/python3.13/subprocess.py", line 556, in run
    stdout, stderr = process.communicate(input, timeout=timeout)
                     ~~~~~~~~~~~~~~~~~~~^^^^^^^^^^^^^^^^^^^^^^^^
  File "/usr/lib/python3.13/subprocess.py", line 1222, in communicate
    stdout, stderr = self._communicate(input, endtime, timeout)
                     ~~~~~~~~~~~~~~~~~^^^^^^^^^^^^^^^^^^^^^^^^^
  File "/usr/lib/python3.13/subprocess.py", line 2128, in _communicate
    ready = selector.select(timeout)
  File "/usr/lib/python3.13/selectors.py", line 398, in select
    fd_event_list = self._selector.poll(timeout)
KeyboardInterrupt
[1;33m[2026-02-13 16:50:55 +0545] [INFO] Using directory: /home/pwn/infoshyt/results/test.com[0m

[1;33m[2026-02-13 16:50:55 +0545] [START] Running: Google Dorks in process[0m
[1;33m[2026-02-13 16:51:06 +0545] [INFO] Using directory: /home/pwn/infoshyt/results/x.com[0m

[1;33m[2026-02-13 16:51:06 +0545] [START] Running: Google Dorks in process[0m
Traceback (most recent call last):
  File "/home/pwn/Tools/dorks_hunter/dorks_hunter.py", line 76, in <module>
    main()
    ~~~~^^
  File "/home/pwn/Tools/dorks_hunter/dorks_hunter.py", line 61, in main
    result = subprocess.run(
        ["xnldorker", "-i", dork, "-nb", "-s", "duckduckgo,bing,startpage,google,yandex"],
        text=True, capture_output=True, timeout=60
    )
  File "/usr/lib/python3.13/subprocess.py", line 556, in run
    stdout, stderr = process.communicate(input, timeout=timeout)
                     ~~~~~~~~~~~~~~~~~~~^^^^^^^^^^^^^^^^^^^^^^^^
  File "/usr/lib/python3.13/subprocess.py", line 1222, in communicate
    stdout, stderr = self._communicate(input, endtime, timeout)
                     ~~~~~~~~~~~~~~~~~^^^^^^^^^^^^^^^^^^^^^^^^^
  File "/usr/lib/python3.13/subprocess.py", line 2128, in _communicate
    ready = selector.select(timeout)
  File "/usr/lib/python3.13/selectors.py", line 398, in select
    fd_event_list = self._selector.poll(timeout)
KeyboardInterrupt
[1;33m[2026-02-13 16:54:30 +0545] [INFO] Using directory: /home/pwn/infoshyt/results/test.com[0m

[1;33m[2026-02-13 16:54:30 +0545] [START] Running: Google Dorks in process[0m
[1;33m[2026-02-13 16:54:59 +0545] [INFO] Using directory: /home/pwn/infoshyt/results/test.com[0m

[1;33m[2026-02-13 16:54:59 +0545] [START] Running: Google Dorks in process[0m
[0;32m[2026-02-13 16:55:12 +0545] [END] Results are saved in test.com/osint/dorks.txt[0m

[1;33m[2026-02-13 16:55:12 +0545] [START] Running: Github Dorks in process[0m
[0;32m[2026-02-13 16:55:12 +0545] [END] Results are saved in test.com/osint/gitdorks.txt[0m

[1;33m[2026-02-13 16:55:12 +0545] [START] Github Repos analysis in process[0m
[0;32m[2026-02-13 16:55:13 +0545] [END] Results are saved in test.com/osint/github_company_secrets.json[0m

[1;33m[2026-02-13 16:55:13 +0545] [START] Scanning metadata in public files[0m
Traceback (most recent call last):
  File "/home/pwn/Tools/metagoofil/metagoofil.py", line 378, in <module>
    mg = Metagoofil(**vars(args))
  File "/home/pwn/Tools/metagoofil/metagoofil.py", line 130, in __init__
    with open("user_agents.txt") as fp:
         ~~~~^^^^^^^^^^^^^^^^^^^
FileNotFoundError: [Errno 2] No such file or directory: 'user_agents.txt'
[1;31m[!] metagoofil.py command failed (exit code: 0). Check /home/pwn/Tools/metagoofil/requirements.txt for missing dependencies.[0m
Error: File not found - /home/pwn/infoshyt/results/test.com/.tmp/metagoofil_test.com/*
[0;32m[2026-02-13 16:55:14 +0545] [END] Results are saved in test.com/osint/[software/authors/metadata_results].txt[0m

[1;33m[2026-02-13 16:55:14 +0545] [START] Scanning for leaks in public API directories[0m
Traceback (most recent call last):
  File "/home/pwn/.local/bin/porch-pirate", line 145, in <module>
    collections = json.loads(porchpirate.collections(w))
  File "/usr/lib/python3.13/json/__init__.py", line 346, in loads
    return _default_decoder.decode(s)
           ~~~~~~~~~~~~~~~~~~~~~~~^^^
  File "/usr/lib/python3.13/json/decoder.py", line 345, in decode
    obj, end = self.raw_decode(s, idx=_w(s, 0).end())
               ~~~~~~~~~~~~~~~^^^^^^^^^^^^^^^^^^^^^^^
  File "/usr/lib/python3.13/json/decoder.py", line 363, in raw_decode
    raise JSONDecodeError("Expecting value", s, err.value) from None
json.decoder.JSONDecodeError: Expecting value: line 1 column 1 (char 0)
[1;33m[2026-02-13 16:55:32 +0545] [INFO] Using directory: /home/pwn/infoshyt/results/x.com[0m

[1;33m[2026-02-13 16:55:32 +0545] [START] Running: Google Dorks in process[0m
Traceback (most recent call last):
  File "/home/pwn/Tools/dorks_hunter/dorks_hunter.py", line 76, in <module>
    main()
    ~~~~^^
  File "/home/pwn/Tools/dorks_hunter/dorks_hunter.py", line 61, in main
    result = subprocess.run(
        ["xnldorker", "-i", dork, "-nb", "-s", "duckduckgo,bing,startpage,google,yandex"],
        text=True, capture_output=True, timeout=60
    )
  File "/usr/lib/python3.13/subprocess.py", line 556, in run
    stdout, stderr = process.communicate(input, timeout=timeout)
                     ~~~~~~~~~~~~~~~~~~~^^^^^^^^^^^^^^^^^^^^^^^^
  File "/usr/lib/python3.13/subprocess.py", line 1222, in communicate
    stdout, stderr = self._communicate(input, endtime, timeout)
                     ~~~~~~~~~~~~~~~~~^^^^^^^^^^^^^^^^^^^^^^^^^
  File "/usr/lib/python3.13/subprocess.py", line 2128, in _communicate
    ready = selector.select(timeout)
  File "/usr/lib/python3.13/selectors.py", line 398, in select
    fd_event_list = self._selector.poll(timeout)
KeyboardInterrupt
[1;33m[2026-02-13 16:55:52 +0545] [INFO] Using directory: /home/pwn/infoshyt/results/x.com[0m

[1;33m[2026-02-13 16:55:52 +0545] [START] Running: Google Dorks in process[0m
[0;32m[2026-02-13 16:56:28 +0545] [END] Results are saved in x.com/osint/dorks.txt[0m

[1;33m[2026-02-13 16:56:28 +0545] [START] Running: Github Dorks in process[0m
[0;32m[2026-02-13 16:56:28 +0545] [END] Results are saved in x.com/osint/gitdorks.txt[0m

[1;33m[2026-02-13 16:56:28 +0545] [START] Github Repos analysis in process[0m
[0;32m[2026-02-13 16:56:30 +0545] [END] Results are saved in x.com/osint/github_company_secrets.json[0m

[1;33m[2026-02-13 16:56:30 +0545] [START] Scanning metadata in public files[0m
Traceback (most recent call last):
  File "/home/pwn/Tools/metagoofil/metagoofil.py", line 378, in <module>
    mg = Metagoofil(**vars(args))
  File "/home/pwn/Tools/metagoofil/metagoofil.py", line 130, in __init__
    with open("user_agents.txt") as fp:
         ~~~~^^^^^^^^^^^^^^^^^^^
FileNotFoundError: [Errno 2] No such file or directory: 'user_agents.txt'
[1;31m[!] metagoofil.py command failed (exit code: 0). Check /home/pwn/Tools/metagoofil/requirements.txt for missing dependencies.[0m
Error: File not found - /home/pwn/infoshyt/results/x.com/.tmp/metagoofil_x.com/*
[0;32m[2026-02-13 16:56:30 +0545] [END] Results are saved in x.com/osint/[software/authors/metadata_results].txt[0m

[1;33m[2026-02-13 16:56:30 +0545] [START] Scanning for leaks in public API directories[0m
Traceback (most recent call last):
  File "/home/pwn/.local/bin/porch-pirate", line 145, in <module>
    collections = json.loads(porchpirate.collections(w))
  File "/usr/lib/python3.13/json/__init__.py", line 346, in loads
    return _default_decoder.decode(s)
           ~~~~~~~~~~~~~~~~~~~~~~~^^^
  File "/usr/lib/python3.13/json/decoder.py", line 345, in decode
    obj, end = self.raw_decode(s, idx=_w(s, 0).end())
               ~~~~~~~~~~~~~~~^^^^^^^^^^^^^^^^^^^^^^^
  File "/usr/lib/python3.13/json/decoder.py", line 363, in raw_decode
    raise JSONDecodeError("Expecting value", s, err.value) from None
json.decoder.JSONDecodeError: Expecting value: line 1 column 1 (char 0)
[0;32m[2026-02-13 16:57:29 +0545] [END] Results are saved in x.com/osint/[postman_leaks_trufflehog.json, swagger_leaks_trufflehog.json][0m

[1;33m[2026-02-13 16:57:29 +0545] [START] Searching for emails/users/passwords leaks[0m
[0;32m[2026-02-13 16:57:32 +0545] [END] Results are saved in x.com/osint/emails.txt and passwords.txt[0m

[1;33m[2026-02-13 16:57:32 +0545] [START] Searching Hudson Rock Infostealer Intelligence[0m
jq: error (at /home/pwn/infoshyt/results/x.com/hudson_rock_domain.json:0): Cannot index number with string "top_logins"
[0;32m[2026-02-13 16:57:32 +0545] [END] Results are saved in x.com/hudson_rock.txt and hudson_rock_*.json[0m

[1;33m[2026-02-13 16:57:32 +0545] [START] Searching domain info (whois, registrant name/email domains)[0m
[0;32m[2026-02-13 16:58:00 +0545] [END] Results are saved in x.com/osint/domain_info_[general/azure_tenant_domains].txt[0m

[1;33m[2026-02-13 16:58:00 +0545] [START] Searching for third parties misconfigurations[0m
[0;32m[2026-02-13 16:59:00 +0545] [END] Results are saved in x.com/osint/3rdparts_misconfigurations.txt[0m

[1;33m[2026-02-13 16:59:00 +0545] [START] Searching for spoofable domains[0m
[1;33m[2026-02-13 16:59:11 +0545] [INFO] Using directory: /home/pwn/infoshyt/results/x.com[0m

[1;33m[2026-02-13 16:59:11 +0545] [START] Running: Google Dorks in process[0m
[0;32m[2026-02-13 16:59:47 +0545] [END] Results are saved in x.com/osint/dorks.txt[0m

[1;33m[2026-02-13 16:59:47 +0545] [START] Running: Github Dorks in process[0m
[0;32m[2026-02-13 16:59:47 +0545] [END] Results are saved in x.com/osint/gitdorks.txt[0m

[1;33m[2026-02-13 16:59:47 +0545] [START] Github Repos analysis in process[0m
[0;32m[2026-02-13 16:59:48 +0545] [END] Results are saved in x.com/osint/github_company_secrets.json[0m

[1;33m[2026-02-13 16:59:48 +0545] [START] Scanning metadata in public files[0m
Traceback (most recent call last):
  File "/home/pwn/Tools/metagoofil/metagoofil.py", line 378, in <module>
    mg = Metagoofil(**vars(args))
  File "/home/pwn/Tools/metagoofil/metagoofil.py", line 130, in __init__
    with open("user_agents.txt") as fp:
         ~~~~^^^^^^^^^^^^^^^^^^^
FileNotFoundError: [Errno 2] No such file or directory: 'user_agents.txt'
[1;31m[!] metagoofil.py command failed (exit code: 0). Check /home/pwn/Tools/metagoofil/requirements.txt for missing dependencies.[0m
Error: File not found - /home/pwn/infoshyt/results/x.com/.tmp/metagoofil_x.com/*
[0;32m[2026-02-13 16:59:49 +0545] [END] Results are saved in x.com/osint/[software/authors/metadata_results].txt[0m

[1;33m[2026-02-13 16:59:49 +0545] [START] Scanning for leaks in public API directories[0m
Traceback (most recent call last):
  File "/home/pwn/.local/bin/porch-pirate", line 145, in <module>
    collections = json.loads(porchpirate.collections(w))
  File "/usr/lib/python3.13/json/__init__.py", line 346, in loads
    return _default_decoder.decode(s)
           ~~~~~~~~~~~~~~~~~~~~~~~^^^
  File "/usr/lib/python3.13/json/decoder.py", line 345, in decode
    obj, end = self.raw_decode(s, idx=_w(s, 0).end())
               ~~~~~~~~~~~~~~~^^^^^^^^^^^^^^^^^^^^^^^
  File "/usr/lib/python3.13/json/decoder.py", line 363, in raw_decode
    raise JSONDecodeError("Expecting value", s, err.value) from None
json.decoder.JSONDecodeError: Expecting value: line 1 column 1 (char 0)
[0;32m[2026-02-13 17:00:43 +0545] [END] Results are saved in x.com/osint/[postman_leaks_trufflehog.json, swagger_leaks_trufflehog.json][0m

[1;33m[2026-02-13 17:00:43 +0545] [START] Searching for emails/users/passwords leaks[0m
[0;32m[2026-02-13 17:00:45 +0545] [END] Results are saved in x.com/osint/emails.txt and passwords.txt[0m

[1;33m[2026-02-13 17:00:45 +0545] [START] Searching Hudson Rock Infostealer Intelligence[0m
jq: error (at /home/pwn/infoshyt/results/x.com/hudson_rock_domain.json:0): Cannot index number with string "top_logins"
[0;32m[2026-02-13 17:00:45 +0545] [END] Results are saved in x.com/hudson_rock.txt and hudson_rock_*.json[0m

[1;33m[2026-02-13 17:00:45 +0545] [START] Searching domain info (whois, registrant name/email domains)[0m
[0;32m[2026-02-13 17:01:08 +0545] [END] Results are saved in x.com/osint/domain_info_[general/azure_tenant_domains].txt[0m

[1;33m[2026-02-13 17:01:08 +0545] [START] Searching for third parties misconfigurations[0m
[0;32m[2026-02-13 17:02:09 +0545] [END] Results are saved in x.com/osint/3rdparts_misconfigurations.txt[0m

[1;33m[2026-02-13 17:02:09 +0545] [START] Searching for spoofable domains[0m
[0;32m[2026-02-13 17:02:23 +0545] [END] Results are saved in x.com/osint/spoof.txt[0m

[1;33m[2026-02-13 17:02:23 +0545] [START] Mail hygiene (SPF/DMARC)[0m
[0;32m[2026-02-13 17:02:24 +0545] [END] Results are saved in x.com/osint/mail_hygiene.txt[0m

[1;33m[2026-02-13 17:02:24 +0545] [START] Cloud storage enumeration[0m
./infoshyt.sh: line 635: cloud_enum: command not found
[0;32m[2026-02-13 17:02:24 +0545] [END] Results are saved in x.com/osint/cloud_enum.txt[0m

[1;33m[2026-02-13 17:02:24 +0545] [START] Favicon IP Lookup[0m
[0;32m[2026-02-13 17:02:25 +0545] [END] Results are saved in x.com/hosts/favicontest.txt[0m

[1;33m[2026-02-13 17:02:25 +0545] [START] Zone transfer check[0m
[0;32m[2026-02-13 17:06:26 +0545] [END] Results are saved in x.com/subdomains/zonetransfer.txt[0m
[1;33m[2026-02-13 17:07:23 +0545] [INFO] Using directory: /home/pwn/infoshyt/results/email_manojxshrestha@gmail.com[0m

[1;33m[2026-02-13 17:07:23 +0545] [START] Running: Google Dorks in process[0m
[0;32m[2026-02-13 17:08:00 +0545] [END] Results are saved in /osint/dorks.txt[0m

[1;33m[2026-02-13 17:08:00 +0545] [START] Running: Github Dorks in process[0m
[0;32m[2026-02-13 17:08:00 +0545] [END] Results are saved in /osint/gitdorks.txt[0m

[1;33m[2026-02-13 17:08:00 +0545] [START] Github Repos analysis in process[0m
[0;32m[2026-02-13 17:08:00 +0545] [END] Results are saved in /osint/github_company_secrets.json[0m

[1;33m[2026-02-13 17:08:00 +0545] [START] Scanning metadata in public files[0m
Traceback (most recent call last):
  File "/home/pwn/Tools/metagoofil/metagoofil.py", line 378, in <module>
    mg = Metagoofil(**vars(args))
  File "/home/pwn/Tools/metagoofil/metagoofil.py", line 130, in __init__
    with open("user_agents.txt") as fp:
         ~~~~^^^^^^^^^^^^^^^^^^^
FileNotFoundError: [Errno 2] No such file or directory: 'user_agents.txt'
[1;31m[!] metagoofil.py command failed (exit code: 0). Check /home/pwn/Tools/metagoofil/requirements.txt for missing dependencies.[0m
Error: File not found - /home/pwn/infoshyt/results/email_manojxshrestha@gmail.com/.tmp/metagoofil_/*
[0;32m[2026-02-13 17:08:01 +0545] [END] Results are saved in /osint/[software/authors/metadata_results].txt[0m

[1;33m[2026-02-13 17:08:01 +0545] [START] Scanning for leaks in public API directories[0m
[0;32m[2026-02-13 17:08:39 +0545] [END] Results are saved in /osint/[postman_leaks_trufflehog.json, swagger_leaks_trufflehog.json][0m

[1;33m[2026-02-13 17:08:39 +0545] [START] Searching for emails/users/passwords leaks[0m

[1;33m[2026-02-13 17:08:39 +0545] [START] Searching Hudson Rock Infostealer Intelligence[0m
jq: error (at /home/pwn/infoshyt/results/email_manojxshrestha@gmail.com/hudson_rock_email.json:0): Cannot index string with string "top_logins"
[0;32m[2026-02-13 17:08:39 +0545] [END] Results are saved in /hudson_rock.txt and hudson_rock_*.json[0m

[1;33m[2026-02-13 17:08:39 +0545] [START] Searching domain info (whois, registrant name/email domains)[0m
[0;32m[2026-02-13 17:09:22 +0545] [END] Results are saved in /osint/domain_info_[general/azure_tenant_domains].txt[0m

[1;33m[2026-02-13 17:09:22 +0545] [START] Searching for third parties misconfigurations[0m
[0;32m[2026-02-13 17:09:22 +0545] [END] Results are saved in /osint/3rdparts_misconfigurations.txt[0m

[1;33m[2026-02-13 17:09:22 +0545] [START] Searching for spoofable domains[0m

[1;33m[2026-02-13 17:09:23 +0545] [START] Mail hygiene (SPF/DMARC)[0m
dig: '' is not a legal name (unexpected end of input)
[0;32m[2026-02-13 17:09:38 +0545] [END] Results are saved in /osint/mail_hygiene.txt[0m

[1;33m[2026-02-13 17:09:38 +0545] [START] Cloud storage enumeration[0m
./infoshyt.sh: line 635: cloud_enum: command not found
[0;32m[2026-02-13 17:09:39 +0545] [END] Results are saved in /osint/cloud_enum.txt[0m

[1;33m[2026-02-13 17:09:39 +0545] [START] Favicon IP Lookup[0m
[0;32m[2026-02-13 17:09:39 +0545] [END] Results are saved in /hosts/favicontest.txt[0m

[1;33m[2026-02-13 17:09:39 +0545] [START] Zone transfer check[0m
dig: '' is not a legal name (unexpected end of input)
[0;32m[2026-02-13 17:09:39 +0545] [END] Results are saved in /subdomains/zonetransfer.txt[0m
[1;33m[2026-02-13 17:45:47 +0545] [INFO] Using directory: /home/pwn/infoshyt/results/x.com[0m

[1;33m[2026-02-13 17:45:47 +0545] [START] Running: Google Dorks in process[0m
[0;32m[2026-02-13 17:46:02 +0545] [END] Results are saved in x.com/osint/dorks.txt[0m

[1;33m[2026-02-13 17:46:02 +0545] [START] Running: Github Dorks in process[0m
[0;32m[2026-02-13 17:46:02 +0545] [END] Results are saved in x.com/osint/gitdorks.txt[0m

[1;33m[2026-02-13 17:46:02 +0545] [START] Github Repos analysis in process[0m
[0;32m[2026-02-13 17:46:03 +0545] [END] Results are saved in x.com/osint/github_company_secrets.json[0m

[1;33m[2026-02-13 17:46:03 +0545] [START] Scanning metadata in public files[0m
Traceback (most recent call last):
  File "/home/pwn/Tools/metagoofil/metagoofil.py", line 378, in <module>
    mg = Metagoofil(**vars(args))
  File "/home/pwn/Tools/metagoofil/metagoofil.py", line 130, in __init__
    with open("user_agents.txt") as fp:
         ~~~~^^^^^^^^^^^^^^^^^^^
FileNotFoundError: [Errno 2] No such file or directory: 'user_agents.txt'
[1;31m[!] metagoofil.py command failed (exit code: 0). Check /home/pwn/Tools/metagoofil/requirements.txt for missing dependencies.[0m
Error: File not found - /home/pwn/infoshyt/results/x.com/.tmp/metagoofil_x.com/*
[0;32m[2026-02-13 17:46:04 +0545] [END] Results are saved in x.com/osint/[software/authors/metadata_results].txt[0m

[1;33m[2026-02-13 17:46:04 +0545] [START] Scanning for leaks in public API directories[0m
Traceback (most recent call last):
  File "/home/pwn/.local/bin/porch-pirate", line 145, in <module>
    collections = json.loads(porchpirate.collections(w))
  File "/usr/lib/python3.13/json/__init__.py", line 346, in loads
    return _default_decoder.decode(s)
           ~~~~~~~~~~~~~~~~~~~~~~~^^^
  File "/usr/lib/python3.13/json/decoder.py", line 345, in decode
    obj, end = self.raw_decode(s, idx=_w(s, 0).end())
               ~~~~~~~~~~~~~~~^^^^^^^^^^^^^^^^^^^^^^^
  File "/usr/lib/python3.13/json/decoder.py", line 363, in raw_decode
    raise JSONDecodeError("Expecting value", s, err.value) from None
json.decoder.JSONDecodeError: Expecting value: line 1 column 1 (char 0)
[0;32m[2026-02-13 17:46:53 +0545] [END] Results are saved in x.com/osint/[postman_leaks_trufflehog.json, swagger_leaks_trufflehog.json][0m

[1;33m[2026-02-13 17:46:53 +0545] [START] Searching for emails/users/passwords leaks[0m
[0;32m[2026-02-13 17:46:55 +0545] [END] Results are saved in x.com/osint/emails.txt and passwords.txt[0m

[1;33m[2026-02-13 17:46:55 +0545] [START] Searching Hudson Rock Infostealer Intelligence[0m
jq: error (at /home/pwn/infoshyt/results/x.com/hudson_rock_domain.json:0): Cannot index number with string "top_logins"
[0;32m[2026-02-13 17:46:55 +0545] [END] Results are saved in x.com/hudson_rock.txt and hudson_rock_*.json[0m

[1;33m[2026-02-13 17:46:55 +0545] [START] Searching domain info (whois, registrant name/email domains)[0m
[0;32m[2026-02-13 17:47:20 +0545] [END] Results are saved in x.com/osint/domain_info_[general/azure_tenant_domains].txt[0m

[1;33m[2026-02-13 17:47:20 +0545] [START] Searching for third parties misconfigurations[0m
[0;32m[2026-02-13 17:48:20 +0545] [END] Results are saved in x.com/osint/3rdparts_misconfigurations.txt[0m

[1;33m[2026-02-13 17:48:20 +0545] [START] Searching for spoofable domains[0m
[0;32m[2026-02-13 17:48:34 +0545] [END] Results are saved in x.com/osint/spoof.txt[0m

[1;33m[2026-02-13 17:48:34 +0545] [START] Mail hygiene (SPF/DMARC)[0m
[0;32m[2026-02-13 17:48:34 +0545] [END] Results are saved in x.com/osint/mail_hygiene.txt[0m

[1;33m[2026-02-13 17:48:34 +0545] [START] Cloud storage enumeration[0m
./infoshyt.sh: line 635: cloud_enum: command not found
[0;32m[2026-02-13 17:48:34 +0545] [END] Results are saved in x.com/osint/cloud_enum.txt[0m

[1;33m[2026-02-13 17:48:34 +0545] [START] Favicon IP Lookup[0m
[0;32m[2026-02-13 17:48:35 +0545] [END] Results are saved in x.com/hosts/favicontest.txt[0m

[1;33m[2026-02-13 17:48:35 +0545] [START] Zone transfer check[0m
[0;32m[2026-02-13 17:55:24 +0545] [END] Results are saved in x.com/subdomains/zonetransfer.txt[0m
[1;33m[2026-02-13 18:00:13 +0545] [INFO] Using directory: /home/pwn/infoshyt/results/testleak.com[0m

[1;33m[2026-02-13 18:00:13 +0545] [START] Running: Google Dorks in process[0m
[0;32m[2026-02-13 18:00:19 +0545] [END] Results are saved in testleak.com/osint/dorks.txt[0m

[1;33m[2026-02-13 18:00:19 +0545] [START] Running: Github Dorks in process[0m
[0;32m[2026-02-13 18:00:19 +0545] [END] Results are saved in testleak.com/osint/gitdorks.txt[0m

[1;33m[2026-02-13 18:00:19 +0545] [START] Github Repos analysis in process[0m
[0;32m[2026-02-13 18:00:20 +0545] [END] Results are saved in testleak.com/osint/github_company_secrets.json[0m

[1;33m[2026-02-13 18:00:20 +0545] [START] Scanning metadata in public files[0m
Traceback (most recent call last):
  File "/home/pwn/Tools/metagoofil/metagoofil.py", line 378, in <module>
    mg = Metagoofil(**vars(args))
  File "/home/pwn/Tools/metagoofil/metagoofil.py", line 130, in __init__
    with open("user_agents.txt") as fp:
         ~~~~^^^^^^^^^^^^^^^^^^^
FileNotFoundError: [Errno 2] No such file or directory: 'user_agents.txt'
[1;31m[!] metagoofil.py command failed (exit code: 0). Check /home/pwn/Tools/metagoofil/requirements.txt for missing dependencies.[0m
Error: File not found - /home/pwn/infoshyt/results/testleak.com/.tmp/metagoofil_testleak.com/*
[0;32m[2026-02-13 18:00:20 +0545] [END] Results are saved in testleak.com/osint/[software/authors/metadata_results].txt[0m

[1;33m[2026-02-13 18:00:20 +0545] [START] Scanning for leaks in public API directories[0m
[0;32m[2026-02-13 18:00:30 +0545] [END] Results are saved in testleak.com/osint/[postman_leaks_trufflehog.json, swagger_leaks_trufflehog.json][0m

[1;33m[2026-02-13 18:00:30 +0545] [START] Searching for emails/users/passwords leaks[0m
[0;32m[2026-02-13 18:00:31 +0545] [END] Results are saved in testleak.com/osint/emails.txt and passwords.txt[0m

[1;33m[2026-02-13 18:00:31 +0545] [START] Searching Hudson Rock Infostealer Intelligence[0m
jq: error (at /home/pwn/infoshyt/results/testleak.com/hudson_rock_domain.json:0): Cannot index number with string "top_logins"
[0;32m[2026-02-13 18:00:33 +0545] [END] Results are saved in testleak.com/hudson_rock.txt and hudson_rock_*.json[0m

[1;33m[2026-02-13 18:00:33 +0545] [START] Searching domain info (whois, registrant name/email domains)[0m

[1;33m[2026-02-13 18:00:34 +0545] [START] Searching for third parties misconfigurations[0m
[1;33m[2026-02-13 18:02:11 +0545] [INFO] Using directory: /home/pwn/infoshyt/results/test.com[0m
[1;33m[2026-02-13 18:03:14 +0545] [INFO] Using directory: /home/pwn/infoshyt/results/test.com[0m

[1;33m[2026-02-13 18:03:14 +0545] [START] Running: Google Dorks in process[0m
[0;32m[2026-02-13 18:03:20 +0545] [END] Results are saved in test.com/osint/dorks.txt[0m

[1;33m[2026-02-13 18:03:20 +0545] [START] Running: Github Dorks in process[0m
[0;32m[2026-02-13 18:03:20 +0545] [END] Results are saved in test.com/osint/gitdorks.txt[0m

[1;33m[2026-02-13 18:03:20 +0545] [START] Github Repos analysis in process[0m
[0;32m[2026-02-13 18:03:21 +0545] [END] Results are saved in test.com/osint/github_company_secrets.json[0m

[1;33m[2026-02-13 18:03:21 +0545] [START] Scanning metadata in public files[0m
Traceback (most recent call last):
  File "/home/pwn/Tools/metagoofil/metagoofil.py", line 378, in <module>
    mg = Metagoofil(**vars(args))
  File "/home/pwn/Tools/metagoofil/metagoofil.py", line 130, in __init__
    with open("user_agents.txt") as fp:
         ~~~~^^^^^^^^^^^^^^^^^^^
FileNotFoundError: [Errno 2] No such file or directory: 'user_agents.txt'
[1;31m[!] metagoofil.py command failed (exit code: 0). Check /home/pwn/Tools/metagoofil/requirements.txt for missing dependencies.[0m
Error: File not found - /home/pwn/infoshyt/results/test.com/.tmp/metagoofil_test.com/*
[0;32m[2026-02-13 18:03:21 +0545] [END] Results are saved in test.com/osint/[software/authors/metadata_results].txt[0m

[1;33m[2026-02-13 18:03:21 +0545] [START] Scanning for leaks in public API directories[0m
Traceback (most recent call last):
  File "/home/pwn/.local/bin/porch-pirate", line 145, in <module>
    collections = json.loads(porchpirate.collections(w))
  File "/usr/lib/python3.13/json/__init__.py", line 346, in loads
    return _default_decoder.decode(s)
           ~~~~~~~~~~~~~~~~~~~~~~~^^^
  File "/usr/lib/python3.13/json/decoder.py", line 345, in decode
    obj, end = self.raw_decode(s, idx=_w(s, 0).end())
               ~~~~~~~~~~~~~~~^^^^^^^^^^^^^^^^^^^^^^^
  File "/usr/lib/python3.13/json/decoder.py", line 363, in raw_decode
    raise JSONDecodeError("Expecting value", s, err.value) from None
json.decoder.JSONDecodeError: Expecting value: line 1 column 1 (char 0)
[1;33m[2026-02-13 18:06:10 +0545] [INFO] Using directory: /home/pwn/infoshyt/results/testarchive.com[0m

[1;33m[2026-02-13 18:06:10 +0545] [START] Running: Google Dorks in process[0m
